<?xml version="1.0" encoding="UTF-8"?>
<!-- Generated by org.testng.reporters.JUnitReportReporter -->
<testsuite hostname="DESKTOP-697SAQJ" failures="0" tests="3" name="com.tandeminnovation.launcher.TestLauncher" time="21.184" errors="0" timestamp="23 set 2018 15:05:00 GMT" skipped="0">
  <testcase classname="com.tandeminnovation.launcher.TestLauncher" name="generalTest" time="2.563"/>
  <testcase classname="com.tandeminnovation.launcher.TestLauncher" name="generalTest" time="2.603"/>
  <testcase classname="com.tandeminnovation.launcher.TestLauncher" name="generalTest" time="16.018"/>
</testsuite> <!-- com.tandeminnovation.launcher.TestLauncher -->
